<?xml version="1.0" encoding="UTF-8"?>
<testng-results ignored="0" total="2" passed="2" failed="0" skipped="0">
  <reporter-output>
  </reporter-output>
  <suite started-at="2023-04-23T17:33:08 IST" name="Default suite" finished-at="2023-04-23T17:33:08 IST" duration-ms="109">
    <groups>
    </groups>
    <test started-at="2023-04-23T17:33:08 IST" name="Default test" finished-at="2023-04-23T17:33:08 IST" duration-ms="109">
      <class name="com.kirannn.Test2">
        <test-method signature="Test2()[pri:0, instance:com.kirannn.Test2@1e683a3e]" started-at="2023-04-23T17:33:08 IST" name="Test2" finished-at="2023-04-23T17:33:08 IST" duration-ms="35" status="PASS">
          <reporter-output>
          </reporter-output>
        </test-method> <!-- Test2 -->
      </class> <!-- com.kirannn.Test2 -->
      <class name="com.kirannn.Test1">
        <test-method signature="Test()[pri:0, instance:com.kirannn.Test1@505fc5a4]" started-at="2023-04-23T17:33:08 IST" name="Test" finished-at="2023-04-23T17:33:08 IST" duration-ms="1" status="PASS">
          <reporter-output>
          </reporter-output>
        </test-method> <!-- Test -->
      </class> <!-- com.kirannn.Test1 -->
    </test> <!-- Default test -->
  </suite> <!-- Default suite -->
</testng-results>
